Start testing: Apr 15 21:20 UTC
----------------------------------------------------------
1/3 Testing: bubblesort
1/3 Test: bubblesort
Command: "/home/pcsdocker/Data/PCS/esercitazione4/build/test_bubble"
Directory: /home/pcsdocker/Data/PCS/esercitazione4/build
"bubblesort" start time: Apr 15 21:20 UTC
Output:
----------------------------------------------------------
Test di Bubble Sort completati con successo!
<end of output>
Test time =   0.52 sec
----------------------------------------------------------
Test Passed.
"bubblesort" end time: Apr 15 21:20 UTC
"bubblesort" time elapsed: 00:00:00
----------------------------------------------------------

2/3 Testing: insertionsort
2/3 Test: insertionsort
Command: "/home/pcsdocker/Data/PCS/esercitazione4/build/test_insertion"
Directory: /home/pcsdocker/Data/PCS/esercitazione4/build
"insertionsort" start time: Apr 15 21:20 UTC
Output:
----------------------------------------------------------
Test di Insertion Sort completati con successo!
<end of output>
Test time =   0.18 sec
----------------------------------------------------------
Test Passed.
"insertionsort" end time: Apr 15 21:20 UTC
"insertionsort" time elapsed: 00:00:00
----------------------------------------------------------

3/3 Testing: selectionsort
3/3 Test: selectionsort
Command: "/home/pcsdocker/Data/PCS/esercitazione4/build/test_selection"
Directory: /home/pcsdocker/Data/PCS/esercitazione4/build
"selectionsort" start time: Apr 15 21:20 UTC
Output:
----------------------------------------------------------
Test di Selection Sort completati con successo!
<end of output>
Test time =   0.35 sec
----------------------------------------------------------
Test Passed.
"selectionsort" end time: Apr 15 21:20 UTC
"selectionsort" time elapsed: 00:00:00
----------------------------------------------------------

End testing: Apr 15 21:20 UTC
